<?xml version="1.0" encoding="UTF-8"?>
<!-- Generated by org.testng.reporters.JUnitReportReporter -->
<testsuite hostname="LAPTOP-NA4F5363" failures="0" tests="4" name="automationtesting.Ex1" time="18.621" errors="0" timestamp="2023-12-25T23:02:59 IST" skipped="0">
  <testcase classname="automationtesting.Ex1" name="loginTest" time="4.318"/>
  <testcase classname="automationtesting.Ex1" name="loginTest" time="4.137"/>
  <testcase classname="automationtesting.Ex1" name="loginTest" time="5.986"/>
  <testcase classname="automationtesting.Ex1" name="loginTest" time="4.180"/>
</testsuite> <!-- automationtesting.Ex1 -->
