<?xml version="1.0" encoding="UTF-8"?>
<!-- Generated by org.testng.reporters.JUnitReportReporter -->
<testsuite hostname="LAPTOP-NA4F5363" failures="0" tests="4" name="automationtesting.ExcelLoginTest" time="67.417" errors="0" timestamp="2023-12-31T00:43:27 IST" skipped="0">
  <testcase classname="automationtesting.ExcelLoginTest" name="loginTest" time="5.280"/>
  <testcase classname="automationtesting.ExcelLoginTest" name="loginTest" time="4.345"/>
  <testcase classname="automationtesting.ExcelLoginTest" name="loginTest" time="4.130"/>
  <testcase classname="automationtesting.ExcelLoginTest" name="loginTest" time="53.662"/>
</testsuite> <!-- automationtesting.ExcelLoginTest -->
