<?xml version="1.0" encoding="UTF-8"?>
<!-- Generated by org.testng.reporters.JUnitReportReporter -->
<testsuite hostname="LAPTOP-NA4F5363" failures="0" tests="4" name="automationtesting.LoginDp" time="20.890" errors="0" timestamp="2023-12-18T10:54:44 IST" skipped="0">
  <testcase classname="automationtesting.LoginDp" name="launchBrowser" time="4.964"/>
  <testcase classname="automationtesting.LoginDp" name="launchBrowser" time="4.798"/>
  <testcase classname="automationtesting.LoginDp" name="launchBrowser" time="5.416"/>
  <testcase classname="automationtesting.LoginDp" name="launchBrowser" time="5.712"/>
</testsuite> <!-- automationtesting.LoginDp -->
