<?xml version="1.0" encoding="UTF-8"?>
<!-- Generated by org.testng.reporters.JUnitReportReporter -->
<testsuite hostname="LAPTOP-NA4F5363" failures="0" tests="3" name="automationtesting.ReportDemo" time="0.028" errors="0" timestamp="2024-01-06T19:10:03 IST" skipped="1">
  <testcase classname="automationtesting.ReportDemo" name="test3" time="0.003">
    <skipped/>
  </testcase> <!-- test3 -->
  <testcase classname="automationtesting.ReportDemo" name="test2" time="0.003"/>
  <testcase classname="automationtesting.ReportDemo" name="test1" time="0.022"/>
</testsuite> <!-- automationtesting.ReportDemo -->
