<?xml version="1.0" encoding="UTF-8"?>
<!-- Generated by org.testng.reporters.JUnitReportReporter -->
<testsuite hostname="LAPTOP-NA4F5363" failures="0" tests="4" name="automationtesting.TestngAnnotationDemo" time="0.011" errors="0" timestamp="2024-04-22T20:48:16 IST" skipped="1">
  <testcase classname="automationtesting.TestngAnnotationDemo" name="testt" time="0.005"/>
  <testcase classname="automationtesting.TestngAnnotationDemo" name="test1" time="0.002"/>
  <testcase classname="automationtesting.TestngAnnotationDemo" name="test" time="0.004"/>
  <testcase classname="automationtesting.TestngAnnotationDemo" name="test21">
    <skipped/>
  </testcase> <!-- test21 -->
</testsuite> <!-- automationtesting.TestngAnnotationDemo -->
