<?xml version="1.0" encoding="UTF-8"?>
<!-- Generated by org.testng.reporters.JUnitReportReporter -->
<testsuite hostname="LAPTOP-NA4F5363" failures="0" tests="3" name="automationtesting.DataProviderDemo" time="0.017" errors="0" timestamp="2023-12-16T15:44:54 IST" skipped="0">
  <testcase classname="automationtesting.DataProviderDemo" name="test1" time="0.005"/>
  <testcase classname="automationtesting.DataProviderDemo" name="test1" time="0.004"/>
  <testcase classname="automationtesting.DataProviderDemo" name="test1" time="0.008"/>
</testsuite> <!-- automationtesting.DataProviderDemo -->
